==============================================================================
Tasks :: Orders robots from RobotSpareBin Industries Inc. Saves the order H...
==============================================================================
Order robots from RobotSpareBin Industries Inc.                       Capturing Screenshot to c:\Robocorp\Sales-Orders-Report\image_files\RSB-ROBO-ORDER-SYO6XIRNPI.png
Printing RSB-ROBO-ORDER-SYO6XIRNPI
Printing Embedding image c:\Robocorp\Sales-Orders-Report\image_files\RSB-ROBO-ORDER-SYO6XIRNPI.png in pdf file c:\Robocorp\Sales-Orders-Report\pdf_files\RSB-ROBO-ORDER-SYO6XIRNPI.pdf
Capturing Screenshot to c:\Robocorp\Sales-Orders-Report\image_files\RSB-ROBO-ORDER-29XHUDD3EM.png
Printing RSB-ROBO-ORDER-29XHUDD3EM
Printing Embedding image c:\Robocorp\Sales-Orders-Report\image_files\RSB-ROBO-ORDER-29XHUDD3EM.png in pdf file c:\Robocorp\Sales-Orders-Report\pdf_files\RSB-ROBO-ORDER-29XHUDD3EM.pdf
Capturing Screenshot to c:\Robocorp\Sales-Orders-Report\image_files\RSB-ROBO-ORDER-KYQF7BK5SX.png
Printing RSB-ROBO-ORDER-KYQF7BK5SX
Printing Embedding image c:\Robocorp\Sales-Orders-Report\image_files\RSB-ROBO-ORDER-KYQF7BK5SX.png in pdf file c:\Robocorp\Sales-Orders-Report\pdf_files\RSB-ROBO-ORDER-KYQF7BK5SX.pdf
Capturing Screenshot to c:\Robocorp\Sales-Orders-Report\image_files\RSB-ROBO-ORDER-3A6SQA46RP.png
Printing RSB-ROBO-ORDER-3A6SQA46RP
Printing Embedding image c:\Robocorp\Sales-Orders-Report\image_files\RSB-ROBO-ORDER-3A6SQA46RP.png in pdf file c:\Robocorp\Sales-Orders-Report\pdf_files\RSB-ROBO-ORDER-3A6SQA46RP.pdf
Capturing Screenshot to c:\Robocorp\Sales-Orders-Report\image_files\RSB-ROBO-ORDER-HOZ6ZL0MNC.png
Printing RSB-ROBO-ORDER-HOZ6ZL0MNC
Printing Embedding image c:\Robocorp\Sales-Orders-Report\image_files\RSB-ROBO-ORDER-HOZ6ZL0MNC.png in pdf file c:\Robocorp\Sales-Orders-Report\pdf_files\RSB-ROBO-ORDER-HOZ6ZL0MNC.pdf
Capturing Screenshot to c:\Robocorp\Sales-Orders-Report\image_files\RSB-ROBO-ORDER-Z0IT4OGOFJ.png
Printing RSB-ROBO-ORDER-Z0IT4OGOFJ
Printing Embedding image c:\Robocorp\Sales-Orders-Report\image_files\RSB-ROBO-ORDER-Z0IT4OGOFJ.png in pdf file c:\Robocorp\Sales-Orders-Report\pdf_files\RSB-ROBO-ORDER-Z0IT4OGOFJ.pdf
Capturing Screenshot to c:\Robocorp\Sales-Orders-Report\image_files\RSB-ROBO-ORDER-LBJ88VEQSP.png
Printing RSB-ROBO-ORDER-LBJ88VEQSP
Printing Embedding image c:\Robocorp\Sales-Orders-Report\image_files\RSB-ROBO-ORDER-LBJ88VEQSP.png in pdf file c:\Robocorp\Sales-Orders-Report\pdf_files\RSB-ROBO-ORDER-LBJ88VEQSP.pdf
Capturing Screenshot to c:\Robocorp\Sales-Orders-Report\image_files\RSB-ROBO-ORDER-Y5DVFGCMUH.png
Printing RSB-ROBO-ORDER-Y5DVFGCMUH
Printing Embedding image c:\Robocorp\Sales-Orders-Report\image_files\RSB-ROBO-ORDER-Y5DVFGCMUH.png in pdf file c:\Robocorp\Sales-Orders-Report\pdf_files\RSB-ROBO-ORDER-Y5DVFGCMUH.pdf
Capturing Screenshot to c:\Robocorp\Sales-Orders-Report\image_files\RSB-ROBO-ORDER-8RSD3O062.png
Printing RSB-ROBO-ORDER-8RSD3O062
Printing Embedding image c:\Robocorp\Sales-Orders-Report\image_files\RSB-ROBO-ORDER-8RSD3O062.png in pdf file c:\Robocorp\Sales-Orders-Report\pdf_files\RSB-ROBO-ORDER-8RSD3O062.pdf
Capturing Screenshot to c:\Robocorp\Sales-Orders-Report\image_files\RSB-ROBO-ORDER-O1LWPWN2TN.png
Printing RSB-ROBO-ORDER-O1LWPWN2TN
Printing Embedding image c:\Robocorp\Sales-Orders-Report\image_files\RSB-ROBO-ORDER-O1LWPWN2TN.png in pdf file c:\Robocorp\Sales-Orders-Report\pdf_files\RSB-ROBO-ORDER-O1LWPWN2TN.pdf
Capturing Screenshot to c:\Robocorp\Sales-Orders-Report\image_files\RSB-ROBO-ORDER-3SY9J84RQS.png
Printing RSB-ROBO-ORDER-3SY9J84RQS
Printing Embedding image c:\Robocorp\Sales-Orders-Report\image_files\RSB-ROBO-ORDER-3SY9J84RQS.png in pdf file c:\Robocorp\Sales-Orders-Report\pdf_files\RSB-ROBO-ORDER-3SY9J84RQS.pdf
Capturing Screenshot to c:\Robocorp\Sales-Orders-Report\image_files\RSB-ROBO-ORDER-0KH1PQJ2V.png
Printing RSB-ROBO-ORDER-0KH1PQJ2V
Printing Embedding image c:\Robocorp\Sales-Orders-Report\image_files\RSB-ROBO-ORDER-0KH1PQJ2V.png in pdf file c:\Robocorp\Sales-Orders-Report\pdf_files\RSB-ROBO-ORDER-0KH1PQJ2V.pdf
Capturing Screenshot to c:\Robocorp\Sales-Orders-Report\image_files\RSB-ROBO-ORDER-8EQCGJH0JS.png
Printing RSB-ROBO-ORDER-8EQCGJH0JS
Printing Embedding image c:\Robocorp\Sales-Orders-Report\image_files\RSB-ROBO-ORDER-8EQCGJH0JS.png in pdf file c:\Robocorp\Sales-Orders-Report\pdf_files\RSB-ROBO-ORDER-8EQCGJH0JS.pdf
Capturing Screenshot to c:\Robocorp\Sales-Orders-Report\image_files\RSB-ROBO-ORDER-WW1FLQI9N.png
Printing RSB-ROBO-ORDER-WW1FLQI9N
Printing Embedding image c:\Robocorp\Sales-Orders-Report\image_files\RSB-ROBO-ORDER-WW1FLQI9N.png in pdf file c:\Robocorp\Sales-Orders-Report\pdf_files\RSB-ROBO-ORDER-WW1FLQI9N.pdf
Capturing Screenshot to c:\Robocorp\Sales-Orders-Report\image_files\RSB-ROBO-ORDER-IW6HZ36A4O.png
Printing RSB-ROBO-ORDER-IW6HZ36A4O
Printing Embedding image c:\Robocorp\Sales-Orders-Report\image_files\RSB-ROBO-ORDER-IW6HZ36A4O.png in pdf file c:\Robocorp\Sales-Orders-Report\pdf_files\RSB-ROBO-ORDER-IW6HZ36A4O.pdf
Capturing Screenshot to c:\Robocorp\Sales-Orders-Report\image_files\RSB-ROBO-ORDER-L9PBJOWMHN.png
Printing RSB-ROBO-ORDER-L9PBJOWMHN
Printing Embedding image c:\Robocorp\Sales-Orders-Report\image_files\RSB-ROBO-ORDER-L9PBJOWMHN.png in pdf file c:\Robocorp\Sales-Orders-Report\pdf_files\RSB-ROBO-ORDER-L9PBJOWMHN.pdf
Capturing Screenshot to c:\Robocorp\Sales-Orders-Report\image_files\RSB-ROBO-ORDER-BRRPL7COGH.png
Printing RSB-ROBO-ORDER-BRRPL7COGH
Printing Embedding image c:\Robocorp\Sales-Orders-Report\image_files\RSB-ROBO-ORDER-BRRPL7COGH.png in pdf file c:\Robocorp\Sales-Orders-Report\pdf_files\RSB-ROBO-ORDER-BRRPL7COGH.pdf
Capturing Screenshot to c:\Robocorp\Sales-Orders-Report\image_files\RSB-ROBO-ORDER-ZZ6HNHUZ7L.png
Printing RSB-ROBO-ORDER-ZZ6HNHUZ7L
Printing Embedding image c:\Robocorp\Sales-Orders-Report\image_files\RSB-ROBO-ORDER-ZZ6HNHUZ7L.png in pdf file c:\Robocorp\Sales-Orders-Report\pdf_files\RSB-ROBO-ORDER-ZZ6HNHUZ7L.pdf
Capturing Screenshot to c:\Robocorp\Sales-Orders-Report\image_files\RSB-ROBO-ORDER-FVB6MRC4CD.png
Printing RSB-ROBO-ORDER-FVB6MRC4CD
Printing Embedding image c:\Robocorp\Sales-Orders-Report\image_files\RSB-ROBO-ORDER-FVB6MRC4CD.png in pdf file c:\Robocorp\Sales-Orders-Report\pdf_files\RSB-ROBO-ORDER-FVB6MRC4CD.pdf
Capturing Screenshot to c:\Robocorp\Sales-Orders-Report\image_files\RSB-ROBO-ORDER-6OULDVUAD.png
Printing RSB-ROBO-ORDER-6OULDVUAD
Printing Embedding image c:\Robocorp\Sales-Orders-Report\image_files\RSB-ROBO-ORDER-6OULDVUAD.png in pdf file c:\Robocorp\Sales-Orders-Report\pdf_files\RSB-ROBO-ORDER-6OULDVUAD.pdf
Cleaning up content from previous test runs
| PASS |
------------------------------------------------------------------------------
Tasks :: Orders robots from RobotSpareBin Industries Inc. Saves th... | PASS |
1 task, 1 passed, 0 failed
==============================================================================
Output:  c:\Robocorp\Sales-Orders-Report\output\output.xml
Log:     c:\Robocorp\Sales-Orders-Report\output\log.html
